2022-08-17 16:00:51,630-INFO-FILE:webscraper.py-FUNC:get_soup-LINE:62-The request for CoinGecko's main website was successful
2022-08-17 16:00:52,414-INFO-FILE:webscraper.py-FUNC:get_soup-LINE:62-The request for CoinGecko's main website was successful
2022-08-17 16:00:53,031-INFO-FILE:webscraper.py-FUNC:csv_reader-LINE:97-The request for Bitcoin's historical data was successful
2022-08-17 16:00:56,504-INFO-FILE:webscraper.py-FUNC:create_temp_df-LINE:125-The csv file for Bitcoin's historical data was successfully created
2022-08-17 16:00:56,545-INFO-FILE:webscraper.py-FUNC:create_temp_df-LINE:149-The csv file for Bitcoin's historical data was successfully deleted from the device
2022-08-17 16:00:57,379-INFO-FILE:webscraper.py-FUNC:wallets_scraper-LINE:164-The request for Bitcoin's main website was successful
2022-08-17 16:00:59,813-INFO-FILE:webscraper.py-FUNC:get_soup-LINE:62-The request for CoinGecko's main website was successful
2022-08-17 16:01:00,746-INFO-FILE:webscraper.py-FUNC:csv_reader-LINE:97-The request for Ethereum's historical data was successful
2022-08-17 16:01:02,128-INFO-FILE:webscraper.py-FUNC:create_temp_df-LINE:125-The csv file for Ethereum's historical data was successfully created
2022-08-17 16:01:02,139-INFO-FILE:webscraper.py-FUNC:create_temp_df-LINE:149-The csv file for Ethereum's historical data was successfully deleted from the device
2022-08-17 16:01:02,877-INFO-FILE:webscraper.py-FUNC:wallets_scraper-LINE:164-The request for Ethereum's main website was successful
2022-08-17 16:01:05,914-INFO-FILE:webscraper.py-FUNC:get_soup-LINE:62-The request for CoinGecko's main website was successful
2022-08-17 16:01:07,182-INFO-FILE:webscraper.py-FUNC:csv_reader-LINE:97-The request for Tether's historical data was successful
2022-08-17 16:01:09,792-INFO-FILE:webscraper.py-FUNC:create_temp_df-LINE:125-The csv file for Tether's historical data was successfully created
2022-08-17 16:01:09,800-INFO-FILE:webscraper.py-FUNC:create_temp_df-LINE:149-The csv file for Tether's historical data was successfully deleted from the device
2022-08-17 16:01:10,965-INFO-FILE:webscraper.py-FUNC:wallets_scraper-LINE:164-The request for Tether's main website was successful
2022-08-17 16:01:11,974-INFO-FILE:webscraper.py-FUNC:get_soup-LINE:62-The request for CoinGecko's main website was successful
2022-08-17 16:01:12,922-INFO-FILE:webscraper.py-FUNC:csv_reader-LINE:97-The request for USD Coin's historical data was successful
2022-08-17 16:01:14,770-INFO-FILE:webscraper.py-FUNC:create_temp_df-LINE:125-The csv file for USD Coin's historical data was successfully created
2022-08-17 16:01:14,775-INFO-FILE:webscraper.py-FUNC:create_temp_df-LINE:149-The csv file for USD Coin's historical data was successfully deleted from the device
2022-08-17 16:01:16,375-INFO-FILE:webscraper.py-FUNC:wallets_scraper-LINE:164-The request for USD Coin's main website was successful
2022-08-17 16:01:17,225-INFO-FILE:webscraper.py-FUNC:get_soup-LINE:62-The request for CoinGecko's main website was successful
2022-08-17 16:01:18,817-INFO-FILE:webscraper.py-FUNC:csv_reader-LINE:97-The request for BNB's historical data was successful
2022-08-17 16:01:20,106-INFO-FILE:webscraper.py-FUNC:create_temp_df-LINE:125-The csv file for BNB's historical data was successfully created
2022-08-17 16:01:20,125-INFO-FILE:webscraper.py-FUNC:create_temp_df-LINE:149-The csv file for BNB's historical data was successfully deleted from the device
2022-08-17 16:01:21,081-INFO-FILE:webscraper.py-FUNC:wallets_scraper-LINE:164-The request for BNB's main website was successful
